[debug] [2024-11-10T06:46:20.496Z] ----------------------------------------------------------------------
[debug] [2024-11-10T06:46:20.498Z] Command:       C:\Program Files\nodejs\node.exe C:\Users\Shaan\AppData\Roaming\npm\node_modules\firebase-tools\lib\bin\firebase.js init
[debug] [2024-11-10T06:46:20.499Z] CLI Version:   13.24.2
[debug] [2024-11-10T06:46:20.499Z] Platform:      win32
[debug] [2024-11-10T06:46:20.499Z] Node Version:  v20.12.2
[debug] [2024-11-10T06:46:20.499Z] Time:          Sun Nov 10 2024 12:46:20 GMT+0600 (Bangladesh Standard Time)
[debug] [2024-11-10T06:46:20.499Z] ----------------------------------------------------------------------
[debug] 
[debug] [2024-11-10T06:46:20.505Z] > command requires scopes: ["email","openid","https://www.googleapis.com/auth/cloudplatformprojects.readonly","https://www.googleapis.com/auth/firebase","https://www.googleapis.com/auth/cloud-platform"]
[debug] [2024-11-10T06:46:20.505Z] > authorizing via signed-in user (sarthok.ali0427@gmail.com)
[info] 
     ######## #### ########  ######## ########     ###     ######  ########
     ##        ##  ##     ## ##       ##     ##  ##   ##  ##       ##
     ######    ##  ########  ######   ########  #########  ######  ######
     ##        ##  ##    ##  ##       ##     ## ##     ##       ## ##
     ##       #### ##     ## ######## ########  ##     ##  ######  ########

You're about to initialize a Firebase project in this directory:

  D:\Job Application

[info] 
=== Project Setup
[info] 
[info] First, let's associate this project directory with a Firebase project.
[info] You can create multiple project aliases by running firebase use --add, 
[info] but for now we'll just set up a default project.
[info] 
[debug] [2024-11-10T06:46:47.794Z] Checked if tokens are valid: true, expires at: 1731224586702
[debug] [2024-11-10T06:46:47.794Z] Checked if tokens are valid: true, expires at: 1731224586702
[debug] [2024-11-10T06:46:47.802Z] >>> [apiv2][query] GET https://firebase.googleapis.com/v1beta1/projects pageSize=100
[debug] [2024-11-10T06:46:49.090Z] <<< [apiv2][status] GET https://firebase.googleapis.com/v1beta1/projects 200
[debug] [2024-11-10T06:46:49.090Z] <<< [apiv2][body] GET https://firebase.googleapis.com/v1beta1/projects [omitted]
[info] i  Using project job-portal-demo-bf997 (job-portal-demo) 
[info] 
=== Hosting Setup
[debug] [2024-11-10T06:46:54.237Z] Checked if tokens are valid: true, expires at: 1731224586702
[debug] [2024-11-10T06:46:54.237Z] Checked if tokens are valid: true, expires at: 1731224586702
[debug] [2024-11-10T06:46:54.238Z] >>> [apiv2][query] GET https://firebase.googleapis.com/v1beta1/projects/job-portal-demo-bf997 [none]
[debug] [2024-11-10T06:46:55.214Z] <<< [apiv2][status] GET https://firebase.googleapis.com/v1beta1/projects/job-portal-demo-bf997 200
[debug] [2024-11-10T06:46:55.215Z] <<< [apiv2][body] GET https://firebase.googleapis.com/v1beta1/projects/job-portal-demo-bf997 {"projectId":"job-portal-demo-bf997","projectNumber":"830003064418","displayName":"job-portal-demo","name":"projects/job-portal-demo-bf997","resources":{"hostingSite":"job-portal-demo-bf997"},"state":"ACTIVE","etag":"1_b03fe328-b005-4daa-a482-d17ed609b8e3"}
[info] 
[info] Your public directory is the folder (relative to your project directory) that
[info] will contain Hosting assets to be uploaded with firebase deploy. If you
[info] have a build process for your assets, use your build's output directory.
[info] 
[debug] [2024-11-10T06:47:42.065Z] >>> [apiv2][query] GET https://www.gstatic.com/firebasejs/releases.json [none]
[debug] [2024-11-10T06:47:42.733Z] <<< [apiv2][status] GET https://www.gstatic.com/firebasejs/releases.json 200
[debug] [2024-11-10T06:47:42.734Z] <<< [apiv2][body] GET https://www.gstatic.com/firebasejs/releases.json {"current":{"version":"11.0.1","browserURL":"https://www.gstatic.com/firebasejs/11.0.1/firebase.js","packageURL":"https://www.gstatic.com/firebasejs/11.0.1/firebase.tgz"},"live":{"version":"11.0","browserURL":"https://www.gstatic.com/firebasejs/live/11.0/firebase.js","packageURL":"https://www.gstatic.com/firebasejs/live/11.0/firebase.tgz"},"components":{"analytics":"https://www.gstatic.com/firebasejs/11.0.1/firebase-analytics.js","app":"https://www.gstatic.com/firebasejs/11.0.1/firebase-app.js","app-check":"https://www.gstatic.com/firebasejs/11.0.1/firebase-app-check.js","auth":"https://www.gstatic.com/firebasejs/11.0.1/firebase-auth.js","auth/cordova":"https://www.gstatic.com/firebasejs/11.0.1/firebase-auth/cordova.js","auth/web-extension":"https://www.gstatic.com/firebasejs/11.0.1/firebase-auth/web-extension.js","functions":"https://www.gstatic.com/firebasejs/11.0.1/firebase-functions.js","firestore":"https://www.gstatic.com/firebasejs/11.0.1/firebase-firestore.js","firestore/lite":"https://www.gstatic.com/firebasejs/11.0.1/firebase-firestore/lite.js","installations":"https://www.gstatic.com/firebasejs/11.0.1/firebase-installations.js","storage":"https://www.gstatic.com/firebasejs/11.0.1/firebase-storage.js","performance":"https://www.gstatic.com/firebasejs/11.0.1/firebase-performance.js","remote-config":"https://www.gstatic.com/firebasejs/11.0.1/firebase-remote-config.js","messaging":"https://www.gstatic.com/firebasejs/11.0.1/firebase-messaging.js","messaging/sw":"https://www.gstatic.com/firebasejs/11.0.1/firebase-messaging/sw.js","database":"https://www.gstatic.com/firebasejs/11.0.1/firebase-database.js","vertexai":"https://www.gstatic.com/firebasejs/11.0.1/firebase-vertexai.js","data-connect":"https://www.gstatic.com/firebasejs/11.0.1/firebase-data-connect.js","firestore.memory":"https://www.gstatic.com/firebasejs/11.0.1/firebase-firestore.memory.js"}}
[debug] [2024-11-10T06:47:43.429Z] Error: Path contains invalid characters: D:\Job Application\D:\Job Application
    at checkPath (C:\Users\Shaan\AppData\Roaming\npm\node_modules\firebase-tools\node_modules\fs-extra\lib\mkdirs\utils.js:16:21)
    at module.exports.makeDirSync (C:\Users\Shaan\AppData\Roaming\npm\node_modules\firebase-tools\node_modules\fs-extra\lib\mkdirs\make-dir.js:21:3)
    at Object.createFileSync (C:\Users\Shaan\AppData\Roaming\npm\node_modules\firebase-tools\node_modules\fs-extra\lib\ensure\file.js:59:45)
    at Config.writeProjectFile (C:\Users\Shaan\AppData\Roaming\npm\node_modules\firebase-tools\lib\config.js:159:12)
    at C:\Users\Shaan\AppData\Roaming\npm\node_modules\firebase-tools\lib\config.js:193:22
    at process.processTicksAndRejections (node:internal/process/task_queues:95:5)
    at async doSetup (C:\Users\Shaan\AppData\Roaming\npm\node_modules\firebase-tools\lib\init\features\hosting\index.js:177:9)
    at async init (C:\Users\Shaan\AppData\Roaming\npm\node_modules\firebase-tools\lib\init\index.js:41:9)
[error] 
[error] Error: An unexpected error has occurred.
